running egg_info
creating ../../build/can_ros/can_ros.egg-info
writing ../../build/can_ros/can_ros.egg-info/PKG-INFO
writing dependency_links to ../../build/can_ros/can_ros.egg-info/dependency_links.txt
writing entry points to ../../build/can_ros/can_ros.egg-info/entry_points.txt
writing requirements to ../../build/can_ros/can_ros.egg-info/requires.txt
writing top-level names to ../../build/can_ros/can_ros.egg-info/top_level.txt
writing manifest file '../../build/can_ros/can_ros.egg-info/SOURCES.txt'
reading manifest file '../../build/can_ros/can_ros.egg-info/SOURCES.txt'
writing manifest file '../../build/can_ros/can_ros.egg-info/SOURCES.txt'
running build
running build_py
creating /home/qiuzhi/can_send/build/can_ros/build
creating /home/qiuzhi/can_send/build/can_ros/build/lib
creating /home/qiuzhi/can_send/build/can_ros/build/lib/can_ros
copying can_ros/__init__.py -> /home/qiuzhi/can_send/build/can_ros/build/lib/can_ros
copying can_ros/send.py -> /home/qiuzhi/can_send/build/can_ros/build/lib/can_ros
running install
running install_lib
creating /home/qiuzhi/can_send/install/can_ros/lib/python3.8/site-packages/can_ros
copying /home/qiuzhi/can_send/build/can_ros/build/lib/can_ros/__init__.py -> /home/qiuzhi/can_send/install/can_ros/lib/python3.8/site-packages/can_ros
copying /home/qiuzhi/can_send/build/can_ros/build/lib/can_ros/send.py -> /home/qiuzhi/can_send/install/can_ros/lib/python3.8/site-packages/can_ros
byte-compiling /home/qiuzhi/can_send/install/can_ros/lib/python3.8/site-packages/can_ros/__init__.py to __init__.cpython-38.pyc
byte-compiling /home/qiuzhi/can_send/install/can_ros/lib/python3.8/site-packages/can_ros/send.py to send.cpython-38.pyc
running install_data
creating /home/qiuzhi/can_send/install/can_ros/share/ament_index
creating /home/qiuzhi/can_send/install/can_ros/share/ament_index/resource_index
creating /home/qiuzhi/can_send/install/can_ros/share/ament_index/resource_index/packages
copying resource/can_ros -> /home/qiuzhi/can_send/install/can_ros/share/ament_index/resource_index/packages
copying package.xml -> /home/qiuzhi/can_send/install/can_ros/share/can_ros
running install_egg_info
Copying ../../build/can_ros/can_ros.egg-info to /home/qiuzhi/can_send/install/can_ros/lib/python3.8/site-packages/can_ros-0.0.0-py3.8.egg-info
running install_scripts
writing list of installed files to '/home/qiuzhi/can_send/build/can_ros/install.log'
