[0.277s] Invoking command in '/home/qiuzhi/can_send/src/can_ros': PYTHONPATH=/home/qiuzhi/can_send/build/can_ros/prefix_override:/usr/lib/python3/dist-packages/colcon_core/task/python/colcon_distutils_commands:/home/qiuzhi/can_send/install/can_ros/lib/python3.8/site-packages:${PYTHONPATH} /usr/bin/python3 -W ignore:setup.py install is deprecated setup.py egg_info --egg-base ../../build/can_ros build --build-base /home/qiuzhi/can_send/build/can_ros/build install --record /home/qiuzhi/can_send/build/can_ros/install.log --install-scripts $base/lib/can_ros --single-version-externally-managed install_data
[0.366s] running egg_info
[0.367s] creating ../../build/can_ros/can_ros.egg-info
[0.367s] writing ../../build/can_ros/can_ros.egg-info/PKG-INFO
[0.367s] writing dependency_links to ../../build/can_ros/can_ros.egg-info/dependency_links.txt
[0.367s] writing entry points to ../../build/can_ros/can_ros.egg-info/entry_points.txt
[0.367s] writing requirements to ../../build/can_ros/can_ros.egg-info/requires.txt
[0.367s] writing top-level names to ../../build/can_ros/can_ros.egg-info/top_level.txt
[0.367s] writing manifest file '../../build/can_ros/can_ros.egg-info/SOURCES.txt'
[0.382s] reading manifest file '../../build/can_ros/can_ros.egg-info/SOURCES.txt'
[0.383s] writing manifest file '../../build/can_ros/can_ros.egg-info/SOURCES.txt'
[0.383s] running build
[0.383s] running build_py
[0.383s] creating /home/qiuzhi/can_send/build/can_ros/build
[0.383s] creating /home/qiuzhi/can_send/build/can_ros/build/lib
[0.383s] creating /home/qiuzhi/can_send/build/can_ros/build/lib/can_ros
[0.383s] copying can_ros/__init__.py -> /home/qiuzhi/can_send/build/can_ros/build/lib/can_ros
[0.383s] copying can_ros/send.py -> /home/qiuzhi/can_send/build/can_ros/build/lib/can_ros
[0.383s] running install
[0.383s] running install_lib
[0.384s] creating /home/qiuzhi/can_send/install/can_ros/lib/python3.8/site-packages/can_ros
[0.384s] copying /home/qiuzhi/can_send/build/can_ros/build/lib/can_ros/__init__.py -> /home/qiuzhi/can_send/install/can_ros/lib/python3.8/site-packages/can_ros
[0.384s] copying /home/qiuzhi/can_send/build/can_ros/build/lib/can_ros/send.py -> /home/qiuzhi/can_send/install/can_ros/lib/python3.8/site-packages/can_ros
[0.384s] byte-compiling /home/qiuzhi/can_send/install/can_ros/lib/python3.8/site-packages/can_ros/__init__.py to __init__.cpython-38.pyc
[0.385s] byte-compiling /home/qiuzhi/can_send/install/can_ros/lib/python3.8/site-packages/can_ros/send.py to send.cpython-38.pyc
[0.385s] running install_data
[0.385s] creating /home/qiuzhi/can_send/install/can_ros/share/ament_index
[0.385s] creating /home/qiuzhi/can_send/install/can_ros/share/ament_index/resource_index
[0.385s] creating /home/qiuzhi/can_send/install/can_ros/share/ament_index/resource_index/packages
[0.385s] copying resource/can_ros -> /home/qiuzhi/can_send/install/can_ros/share/ament_index/resource_index/packages
[0.385s] copying package.xml -> /home/qiuzhi/can_send/install/can_ros/share/can_ros
[0.385s] running install_egg_info
[0.386s] Copying ../../build/can_ros/can_ros.egg-info to /home/qiuzhi/can_send/install/can_ros/lib/python3.8/site-packages/can_ros-0.0.0-py3.8.egg-info
[0.386s] running install_scripts
[0.394s] writing list of installed files to '/home/qiuzhi/can_send/build/can_ros/install.log'
[0.404s] Invoked command in '/home/qiuzhi/can_send/src/can_ros' returned '0': PYTHONPATH=/home/qiuzhi/can_send/build/can_ros/prefix_override:/usr/lib/python3/dist-packages/colcon_core/task/python/colcon_distutils_commands:/home/qiuzhi/can_send/install/can_ros/lib/python3.8/site-packages:${PYTHONPATH} /usr/bin/python3 -W ignore:setup.py install is deprecated setup.py egg_info --egg-base ../../build/can_ros build --build-base /home/qiuzhi/can_send/build/can_ros/build install --record /home/qiuzhi/can_send/build/can_ros/install.log --install-scripts $base/lib/can_ros --single-version-externally-managed install_data
