running egg_info
writing ../../build/can_ros/can_ros.egg-info/PKG-INFO
writing dependency_links to ../../build/can_ros/can_ros.egg-info/dependency_links.txt
writing entry points to ../../build/can_ros/can_ros.egg-info/entry_points.txt
writing requirements to ../../build/can_ros/can_ros.egg-info/requires.txt
writing top-level names to ../../build/can_ros/can_ros.egg-info/top_level.txt
reading manifest file '../../build/can_ros/can_ros.egg-info/SOURCES.txt'
writing manifest file '../../build/can_ros/can_ros.egg-info/SOURCES.txt'
running build
running build_py
copying can_ros/read_joystick.py -> /home/qiuzhi/can_send/build/can_ros/build/lib/can_ros
copying can_ros/send.py -> /home/qiuzhi/can_send/build/can_ros/build/lib/can_ros
copying can_ros/read_encoder.py -> /home/qiuzhi/can_send/build/can_ros/build/lib/can_ros
running install
running install_lib
copying /home/qiuzhi/can_send/build/can_ros/build/lib/can_ros/read_joystick.py -> /home/qiuzhi/can_send/install/can_ros/lib/python3.8/site-packages/can_ros
copying /home/qiuzhi/can_send/build/can_ros/build/lib/can_ros/send.py -> /home/qiuzhi/can_send/install/can_ros/lib/python3.8/site-packages/can_ros
copying /home/qiuzhi/can_send/build/can_ros/build/lib/can_ros/read_encoder.py -> /home/qiuzhi/can_send/install/can_ros/lib/python3.8/site-packages/can_ros
byte-compiling /home/qiuzhi/can_send/install/can_ros/lib/python3.8/site-packages/can_ros/read_joystick.py to read_joystick.cpython-38.pyc
byte-compiling /home/qiuzhi/can_send/install/can_ros/lib/python3.8/site-packages/can_ros/send.py to send.cpython-38.pyc
byte-compiling /home/qiuzhi/can_send/install/can_ros/lib/python3.8/site-packages/can_ros/read_encoder.py to read_encoder.cpython-38.pyc
running install_data
running install_egg_info
removing '/home/qiuzhi/can_send/install/can_ros/lib/python3.8/site-packages/can_ros-0.0.0-py3.8.egg-info' (and everything under it)
Copying ../../build/can_ros/can_ros.egg-info to /home/qiuzhi/can_send/install/can_ros/lib/python3.8/site-packages/can_ros-0.0.0-py3.8.egg-info
running install_scripts
Installing send_node script to /home/qiuzhi/can_send/install/can_ros/lib/can_ros
writing list of installed files to '/home/qiuzhi/can_send/build/can_ros/install.log'
